same: 0 0 800000000.0 2.686418628692627 283.998720443765
same: 1 1 800000000.0 2.681056022644043 284.56677021340016
same: 2 2 800000000.0 2.6811510801315306 284.55668118768307
same: 3 3 800000000.0 2.6829634428024294 284.36446093655627
same: 4 4 800000000.0 2.686473274230957 283.9929436273297
same: 5 5 800000000.0 2.6865829706192015 283.98134785658914
same: 6 6 800000000.0 2.6864469051361084 283.99573118916555
same: 7 7 800000000.0 2.6863332271575926 284.0077490804317
same: 8 8 800000000.0 2.6897137641906737 283.6507970782408
same: 9 9 800000000.0 2.6873401641845702 283.90133236314784
same: 10 10 800000000.0 2.687306523323059 283.90488636241145
same: 11 11 800000000.0 2.6873130321502687 283.90419872839664
same: 12 12 800000000.0 2.687331295013428 283.902269340851
same: 13 13 800000000.0 2.6875657081604003 283.8775069976693
same: 14 14 800000000.0 2.6879705429077148 283.83475225873923
same: 15 15 800000000.0 2.6877241134643555 283.8607762243891
same: -1 -1 800000000.0 2.8885323762893678 264.12702152401636
same: 0 1 37515480.0 0.028307032585144044 1263.9102892907588
same: 0 2 37463064.0 0.028253006935119628 1264.5578586636311
same: 0 3 37538148.0 0.026652324199676513 1343.1912115751295
diff: 0 4 37505148.0 1.2370887756347657 28.912796789593685
diff: 0 5 37473432.0 1.2357101082801818 28.920577250706664
diff: 0 6 37519620.0 1.2316592812538147 29.05145806143491
diff: 0 7 37486680.0 1.2284643650054932 29.101441557224156
diff: 0 8 37495572.0 1.1882876992225646 30.09251380684687
diff: 0 9 37501560.0 1.1974222302436828 29.86772225690993
diff: 0 10 37463640.0 1.2105190873146057 29.514702941486416
diff: 0 11 37502508.0 1.2189688682556152 29.34051854138086
diff: 0 12 37535856.0 0.9747695088386535 36.72353462735225
diff: 0 13 37543368.0 1.0080055236816405 35.51979128270764
diff: 0 14 37478400.0 1.0092901110649108 35.41319498542209
diff: 0 15 37496688.0 1.001731777191162 35.69780764684115
same: 1 2 37486764.0 0.02495957612991333 1432.3225621262407
same: 1 3 37511100.0 0.02188035249710083 1634.9541285903183
diff: 1 4 37519728.0 1.2044694066047668 29.707355584075678
diff: 1 5 37507656.0 1.2188614010810852 29.3471334510011
diff: 1 6 37490616.0 1.2145673036575317 29.437510360916676
diff: 1 7 37504056.0 1.1797768473625183 30.316457767603104
diff: 1 8 37502496.0 1.1743178963661194 30.45612039721274
diff: 1 9 37488444.0 1.206563901901245 29.631059033423824
diff: 1 10 37517184.0 1.2098105072975158 29.574197437424562
diff: 1 11 37484796.0 1.2102582573890686 29.53773459728235
diff: 1 12 37503120.0 0.9420753955841065 37.964861938598915
diff: 1 13 37453908.0 0.9497981667518616 37.60675831876422
diff: 1 14 37510800.0 0.9351187229156495 38.25512811497669
diff: 1 15 37504428.0 0.9627415299415588 37.15120686367252
same: 1 0 37491240.0 0.035503280162811277 1007.0740651077772
same: 2 1 37501476.0 0.011067545413970948 3231.4477285432235
same: 2 3 37480644.0 0.009814715385437012 3641.9117764946227
same: 2 0 37524852.0 0.022431504726409913 1595.3672308577763
diff: 2 4 37512192.0 1.2314523339271546 29.050587730354007
diff: 2 5 37486416.0 1.2129605650901794 29.473202330087656
diff: 2 6 37461984.0 1.2166658759117126 29.364291947162634
diff: 2 7 37503348.0 1.230758500099182 29.060111926071166
diff: 2 8 37484844.0 1.2235828042030334 29.2161125953214
diff: 2 9 37522980.0 1.2192646145820618 29.349414288785567
diff: 2 10 37493460.0 1.197321879863739 29.863773841061306
diff: 2 11 37533000.0 1.214122438430786 29.481588499376308
diff: 2 12 37502628.0 1.0343673825263977 34.576973061527426
diff: 2 13 37488792.0 1.0360713839530944 34.5073695087352
diff: 2 14 37487184.0 1.0383938670158386 34.42871314132098
diff: 2 15 37504980.0 1.0428613781929017 34.29749812511901
same: 3 1 37526760.0 0.021526920795440673 1662.4907728336718
diff: 3 4 37481292.0 1.2270833253860474 29.130006729475756
same: 3 2 37510920.0 0.02431819438934326 1471.046756844994
diff: 3 5 37519572.0 1.2293053984642028 29.107048764007384
same: 3 0 37505352.0 0.03548510074615478 1007.9692653557322
diff: 3 6 37524780.0 1.2296393156051635 29.103183722767305
diff: 3 7 37499112.0 1.2199159383773803 29.315085472207734
diff: 3 8 37510752.0 1.1848626375198363 30.191719815188687
diff: 3 9 37510380.0 1.1754888892173767 30.432177056522928
diff: 3 10 37493628.0 1.1938438653945922 29.950909904514052
diff: 3 11 37467720.0 1.1937677264213562 29.932122863982247
diff: 3 12 37470336.0 1.0148738622665405 35.210776825511935
diff: 3 13 37493640.0 1.0298335194587707 34.72087557935965
diff: 3 14 37505376.0 1.028360092639923 34.78150705609246
diff: 3 15 37497972.0 1.0317352533340454 34.660880975191795
diff: 4 1 37458240.0 1.1838204979896545 30.175994997928676
diff: 4 3 37485072.0 1.1861695170402526 30.137809058050458
diff: 4 2 37482696.0 1.2052814722061158 29.6580386483783
same: 4 5 37529760.0 0.009449911117553712 3787.460830865026
same: 4 6 37515492.0 0.007365989685058594 4857.128874388254
diff: 4 0 37512216.0 1.1724965572357178 30.51133645545667
same: 4 7 37539960.0 0.006774544715881348 5284.620176318429
diff: 4 8 37497600.0 1.1946954727172852 29.932730861982122
diff: 4 9 37478784.0 1.206243908405304 29.63128224886987
diff: 4 10 37513692.0 1.2056616306304933 29.673204873630965
diff: 4 11 37510344.0 1.2277361392974853 29.137084530909476
diff: 4 12 37541628.0 1.0003464698791504 35.790086232825864
diff: 4 13 37472856.0 1.017064106464386 35.13731347163732
diff: 4 14 37463016.0 1.0172695875167848 35.120991144077536
diff: 4 15 37504800.0 1.0038920640945435 35.628695336100066
diff: 5 1 37489080.0 1.1991432428359985 29.81493074767625
same: 5 6 37521228.0 0.007972681522369384 4488.205299963965
same: 5 7 37487184.0 0.008455622196197509 4228.022934997301
diff: 5 8 37502460.0 1.223243772983551 29.237943976464997
diff: 5 9 37517628.0 1.207663345336914 29.62712942662194
diff: 5 10 37484700.0 1.232433521747589 29.006185743392038
diff: 5 11 37493616.0 1.2324764847755432 29.012073698842535
diff: 5 3 37501632.0 1.1884466409683228 30.09335213617893
same: 5 4 37497384.0 0.006954360008239746 5142.139896532927
diff: 5 12 37493580.0 1.0138202548027038 35.26923446906427
diff: 5 2 37518084.0 1.1964532375335692 29.905082780611703
diff: 5 13 37517652.0 0.9813932418823242 36.45798605219843
diff: 5 0 37497972.0 1.1666303396224975 30.65311401492638
diff: 5 14 37483836.0 0.9981234192848205 35.814580624906924
diff: 5 15 37537380.0 1.011936354637146 35.37617266850545
diff: 6 1 37460916.0 1.200498592853546 29.758896570910235
same: 6 7 37538652.0 0.013225936889648437 2706.7759799255864
same: 6 5 37501284.0 0.01688042879104614 2118.667234450045
diff: 6 8 37492008.0 1.1921209931373595 29.992899467359557
diff: 6 9 37484292.0 1.192300510406494 29.98221189797585
diff: 6 10 37494144.0 1.2269136428833007 29.144025217949743
diff: 6 11 37491300.0 1.2106451869010926 29.53341762354251
diff: 6 12 37532700.0 0.9944010972976685 35.99550735880386
diff: 6 13 37485180.0 1.0132257103919984 35.282023585874796
diff: 6 3 37520076.0 1.1895659923553468 30.079821599440763
same: 6 4 37489308.0 0.013620924949645997 2624.828366033436
diff: 6 14 37506780.0 0.9915716052055359 36.073292729762315
diff: 6 2 37470684.0 1.181870698928833 30.23581935093426
diff: 6 15 37499760.0 1.0118520140647889 35.34366437611158
diff: 6 0 37514172.0 1.1838459610939025 30.220403256339456
diff: 7 1 37497660.0 1.152829897403717 31.019802095582506
diff: 7 8 37501560.0 1.1759614825248719 30.412794235725784
same: 7 6 37488684.0 0.017166852951049805 2082.6178909212117
same: 7 5 37510800.0 0.0209617018699646 1706.5926597834957
diff: 7 9 37482708.0 1.173128867149353 30.470903009843127
diff: 7 10 37518516.0 1.1839536786079408 30.221152858739025
diff: 7 11 37480848.0 1.2056023359298706 29.648683508196026
diff: 7 12 37508640.0 0.9366022944450378 38.19233288609807
diff: 7 13 37521492.0 0.9720992684364319 36.8103180359327
diff: 7 14 37529820.0 0.9565785884857178 37.41587556335314
diff: 7 15 37498776.0 0.9509570121765136 37.60592656656612
diff: 7 3 37477116.0 1.196693229675293 29.86643702486357
same: 7 4 37516584.0 0.01699850559234619 2104.808708373015
diff: 7 2 37500816.0 1.1957977890968323 29.90770294908158
diff: 7 0 37487664.0 1.1784557342529296 30.337178817778163
diff: 8 1 37528560.0 1.206702744960785 29.659353932168298
diff: 8 7 37512288.0 1.2019205331802367 29.7644516651832
diff: 8 6 37501200.0 1.1745015740394593 30.45030510381633
diff: 8 5 37493952.0 1.2044425129890441 29.687609543299143
same: 8 9 37537608.0 0.016580796241760253 2159.0430355065578
same: 8 10 37494768.0 0.018878734111785887 1894.078121418509
same: 8 11 37496328.0 0.017236268520355223 2074.6535093088446
diff: 8 12 37501668.0 0.9744260907173157 36.703017226957144
diff: 8 3 37492116.0 1.1734207630157472 30.470969343538023
diff: 8 13 37492452.0 0.9626450896263122 37.14306437211875
diff: 8 4 37503852.0 1.1851140856742859 30.179761468577418
diff: 8 2 37481616.0 1.1875767707824707 30.09932106793376
diff: 8 14 37481880.0 0.9787105798721314 36.523061078272235
diff: 8 0 37488588.0 1.1707573056221008 30.537416561272874
diff: 8 15 37473144.0 0.9625428795814515 37.12787839990337
diff: 9 1 37473180.0 1.1991972923278809 29.80094230424363
same: 9 10 37532040.0 0.01165757179260254 3070.394352024935
same: 9 11 37481544.0 0.009579789638519288 3731.312189604174
diff: 9 12 37502604.0 0.9601332306861877 37.250320153582834
diff: 9 13 37521720.0 0.9396939992904663 38.07995017357324
diff: 9 7 37511784.0 1.1692017197608948 30.596965740603597
diff: 9 14 37496412.0 0.9629918098449707 37.13361288871596
diff: 9 6 37474116.0 1.186165702342987 30.129097383811075
diff: 9 5 37492212.0 1.1851380586624145 30.169784345642288
diff: 9 15 37505880.0 0.9564289450645447 37.3978586227344
same: 9 8 37465440.0 0.008862853050231934 4031.41377594254
diff: 9 3 37502100.0 1.1944380760192872 29.942774179212716
diff: 9 4 37525464.0 1.174349844455719 30.473943856665414
diff: 9 2 37523532.0 1.2041504621505736 29.7182369264193
diff: 9 0 37508868.0 1.1413527607917786 31.341093900063868
diff: 10 1 37516728.0 1.2087451457977294 29.599903713025054
same: 10 11 37489584.0 0.008789682388305664 4067.593322953568
same: 10 9 37525344.0 0.008053719997406006 4443.531287235696
diff: 10 12 37520040.0 0.9789040088653564 36.553020699148846
diff: 10 13 37488840.0 0.971521508693695 36.80015680551994
diff: 10 14 37513452.0 1.0194400548934937 35.09339810654815
diff: 10 15 37517400.0 0.9848933100700379 36.3281793393393
diff: 10 7 37477200.0 1.2110780715942382 29.511758101417474
diff: 10 6 37482744.0 1.2105094909667968 29.529987602725008
diff: 10 5 37511136.0 1.1948464155197143 29.939753358896557
same: 10 8 37469928.0 0.007800066471099853 4581.256852565347
diff: 10 3 37531620.0 1.2119164705276488 29.534165858423783
diff: 10 4 37464108.0 1.1870090961456299 30.099649364680616
diff: 10 2 37490628.0 1.2024117469787599 29.73511288406649
diff: 10 0 37489272.0 1.1798057675361633 30.30376425590078
diff: 11 1 37488276.0 1.2041496515274048 29.690334537903713
diff: 11 12 37487100.0 0.9673822045326232 36.955904604245916
same: 11 10 37486416.0 0.010026872158050537 3565.402210161512
same: 11 9 37501344.0 0.007973051071166993 4485.6189035148045
diff: 11 13 37470648.0 0.9973009109497071 35.831507045019926
diff: 11 14 37479252.0 1.0133276224136352 35.2728961886795
diff: 11 15 37479372.0 0.9894973158836364 36.12249765378736
diff: 11 7 37461180.0 1.2101925373077393 29.520728418759695
diff: 11 6 37494012.0 1.2061612963676454 29.64535205292208
diff: 11 5 37530288.0 1.19964998960495 29.835095288681696
same: 11 8 37538760.0 0.0074332237243652345 4816.181055386629
diff: 11 3 37544796.0 1.2124081015586854 29.532553942752568
diff: 11 4 37519548.0 1.1971516966819764 29.88880138577528
diff: 11 2 37517412.0 1.198332917690277 29.85763948752615
diff: 11 0 37483608.0 1.1871057748794556 30.112863564723018
same: 12 13 37479408.0 0.006344246864318848 5633.946718677776
same: 12 14 37485216.0 0.008244156837463379 4336.245470451292
same: 12 15 37487256.0 0.005970311164855957 5988.068670556241
diff: 12 1 37514004.0 0.9006488800048829 39.72262988898334
diff: 12 11 37515456.0 0.9268026709556579 38.60317624956488
diff: 12 10 37473648.0 0.9254382371902465 38.6170078169157
diff: 12 9 37503000.0 0.8936936616897583 40.02003082416341
diff: 12 7 37470696.0 0.8389186143875123 42.59631361160835
diff: 12 6 37492668.0 0.9026344060897827 39.61270951330205
diff: 12 5 37503240.0 0.9437881946563721 37.89608407111056
diff: 12 8 37549620.0 0.8762439489364624 40.86773806344549
diff: 12 3 37483068.0 0.8996160387992859 39.73544013223674
diff: 12 4 37531116.0 0.9292460918426514 38.517742188497024
diff: 12 2 37467924.0 0.9734248161315918 36.707710976448844
diff: 12 0 37523112.0 0.9220490217208862 38.81011458506551
same: 13 14 37460976.0 0.009829199314117432 3634.6369156843934
same: 13 12 37484400.0 0.00725175142288208 4929.555284134528
same: 13 15 37511064.0 0.007640743255615234 4681.9186460140545
diff: 13 1 37507200.0 0.8740776658058167 40.92274030058447
diff: 13 11 37523220.0 0.9598591685295105 37.28143914870688
diff: 13 10 37498644.0 0.9834917068481446 36.36176434824077
diff: 13 9 37525068.0 0.9182717084884644 38.97179151027673
diff: 13 7 37511736.0 0.9123588562011719 39.21042574844441
diff: 13 6 37480428.0 0.9418885469436645 37.94941733552215
diff: 13 5 37488516.0 0.9185211181640625 38.92325844488523
diff: 13 8 37488528.0 0.8896935462951661 40.18445054744218
diff: 13 3 37510260.0 0.9083861947059632 39.38035581364155
diff: 13 4 37510620.0 0.9349597215652465 38.26145026502961
diff: 13 2 37505232.0 0.9738808870315552 36.727054576746085
diff: 13 0 37512780.0 0.9374834418296814 38.16064713972571
same: 14 15 37485792.0 0.00588374137878418 6075.936170385198
same: 14 13 37504320.0 0.005865180492401123 6098.176651958204
same: 14 12 37510260.0 0.005490684509277343 6515.13877792059
diff: 14 1 37506012.0 0.8748407602310181 40.885749705785614
diff: 14 11 37490016.0 0.9675002336502075 36.95427053900403
diff: 14 10 37524324.0 0.9621692538261414 37.19302388535164
diff: 14 9 37491060.0 0.9159385323524475 39.03565550956392
diff: 14 7 37505856.0 0.8846331834793091 40.43299782329254
diff: 14 6 37526700.0 0.9019432783126831 39.679047263851835
diff: 14 5 37497696.0 0.9197298407554626 38.88162372793707
diff: 14 8 37473300.0 0.9159745454788208 39.01562978729374
diff: 14 3 37489812.0 0.9106825709342956 39.259641034546995
diff: 14 4 37503564.0 0.9406967639923096 38.0209512029218
diff: 14 2 37507656.0 0.9742016553878784 36.71733464829612
diff: 14 0 37500084.0 0.9232247710227967 38.73690145278162
same: 15 14 37480224.0 0.007614517211914062 4694.18165422574
same: 15 13 37478112.0 0.005936837196350098 6020.36263749503
same: 15 12 37506588.0 0.005384218692779541 6643.316646777119
diff: 15 1 37505652.0 0.8844634890556335 40.44053539243478
diff: 15 11 37520676.0 0.9477776050567627 37.75411535837816
diff: 15 10 37550220.0 0.9582503914833069 37.37090087067095
diff: 15 9 37501104.0 0.9098852038383484 39.30588119337475
diff: 15 7 37526604.0 0.8877518653869629 40.31324496417511
diff: 15 6 37445040.0 0.9265146613121032 38.54269599385798
diff: 15 5 37499580.0 0.9422099590301514 37.95585684408698
diff: 15 8 37532928.0 0.9124165892601013 39.230094974655486
diff: 15 3 37495872.0 0.8978092551231385 39.82900587581019
diff: 15 4 37484340.0 0.9467298865318299 37.75929421262395
diff: 15 2 37483104.0 0.9742242097854614 36.69245049027916
diff: 15 0 37499592.0 0.9431206464767456 37.91921839449951
